<?xml version="1.0" encoding="UTF-8"?>
<robot generator="Robot 7.3.2 (Python 3.12.3 on linux)" generated="2025-11-11T20:54:30.206281" rpa="false" schemaversion="5">
<suite id="s1" name="Register" source="/home/lauraimm/Documents/Ohjelmistotuotanto/palautusrepositorio/viikko_3/login/src/tests/register.robot">
<kw name="Open And Configure Browser" owner="resource" type="SETUP">
<if>
<branch type="IF" condition="$BROWSER == 'chrome'">
<kw name="Evaluate" owner="BuiltIn">
<msg time="2025-11-11T20:54:30.303471" level="INFO">${options} = &lt;selenium.webdriver.chrome.options.Options object at 0x7252bad26000&gt;</msg>
<var>${options}</var>
<arg>sys.modules['selenium.webdriver'].ChromeOptions()</arg>
<arg>sys</arg>
<doc>Evaluates the given expression in Python and returns the result.</doc>
<status status="PASS" start="2025-11-11T20:54:30.303247" elapsed="0.000254"/>
</kw>
<kw name="Call Method" owner="BuiltIn">
<arg>${options}</arg>
<arg>add_argument</arg>
<arg>--incognito</arg>
<doc>Calls the named method of the given object with the provided arguments.</doc>
<status status="PASS" start="2025-11-11T20:54:30.303607" elapsed="0.000113"/>
</kw>
<status status="PASS" start="2025-11-11T20:54:30.302829" elapsed="0.000927"/>
</branch>
<branch type="ELSE IF" condition="$BROWSER == 'firefox'">
<kw name="Evaluate" owner="BuiltIn">
<var>${options}</var>
<arg>sys.modules['selenium.webdriver'].FirefoxOptions()</arg>
<arg>sys</arg>
<doc>Evaluates the given expression in Python and returns the result.</doc>
<status status="NOT RUN" start="2025-11-11T20:54:30.303858" elapsed="0.000017"/>
</kw>
<kw name="Call Method" owner="BuiltIn">
<arg>${options}</arg>
<arg>add_argument</arg>
<arg>--private-window</arg>
<doc>Calls the named method of the given object with the provided arguments.</doc>
<status status="NOT RUN" start="2025-11-11T20:54:30.303931" elapsed="0.000015"/>
</kw>
<status status="NOT RUN" start="2025-11-11T20:54:30.303788" elapsed="0.000180"/>
</branch>
<status status="PASS" start="2025-11-11T20:54:30.302809" elapsed="0.001182"/>
</if>
<if>
<branch type="IF" condition="$HEADLESS == 'true'">
<kw name="Set Selenium Speed" owner="SeleniumLibrary">
<arg>0.05 seconds</arg>
<doc>Sets the delay that is waited after each Selenium command.</doc>
<status status="NOT RUN" start="2025-11-11T20:54:30.304162" elapsed="0.000017"/>
</kw>
<kw name="Call Method" owner="BuiltIn">
<arg>${options}</arg>
<arg>add_argument</arg>
<arg>--headless</arg>
<doc>Calls the named method of the given object with the provided arguments.</doc>
<status status="NOT RUN" start="2025-11-11T20:54:30.304233" elapsed="0.000132"/>
</kw>
<status status="NOT RUN" start="2025-11-11T20:54:30.304034" elapsed="0.000359"/>
</branch>
<branch type="ELSE">
<kw name="Set Selenium Speed" owner="SeleniumLibrary">
<arg>${DELAY}</arg>
<doc>Sets the delay that is waited after each Selenium command.</doc>
<status status="PASS" start="2025-11-11T20:54:30.304483" elapsed="0.000169"/>
</kw>
<status status="PASS" start="2025-11-11T20:54:30.304416" elapsed="0.000265"/>
</branch>
<status status="PASS" start="2025-11-11T20:54:30.304020" elapsed="0.000682"/>
</if>
<kw name="Open Browser" owner="SeleniumLibrary">
<msg time="2025-11-11T20:54:30.304933" level="INFO">Opening browser 'chrome' to base url 'None'.</msg>
<arg>browser=${BROWSER}</arg>
<arg>options=${options}</arg>
<doc>Opens a new browser instance to the optional ``url``.</doc>
<status status="PASS" start="2025-11-11T20:54:30.304771" elapsed="0.361309"/>
</kw>
<status status="PASS" start="2025-11-11T20:54:30.302680" elapsed="0.363567"/>
</kw>
<test id="s1-t1" name="Register With Valid Username And Password" line="9">
<kw name="Reset Application Create User And Go To Register Page" type="SETUP">
<kw name="Reset Application" owner="AppLibrary">
<status status="PASS" start="2025-11-11T20:54:30.666975" elapsed="0.002907"/>
</kw>
<kw name="Create User" owner="AppLibrary">
<arg>kalle</arg>
<arg>kalle123</arg>
<status status="PASS" start="2025-11-11T20:54:30.670037" elapsed="0.007405"/>
</kw>
<kw name="Go To Register Page">
<kw name="Go To" owner="SeleniumLibrary">
<msg time="2025-11-11T20:54:30.677943" level="INFO">Opening url 'http://localhost:5001/register'</msg>
<arg>${REGISTER_URL}</arg>
<doc>Navigates the current browser window to the provided ``url``.</doc>
<status status="PASS" start="2025-11-11T20:54:30.677833" elapsed="0.556274"/>
</kw>
<status status="PASS" start="2025-11-11T20:54:30.677626" elapsed="0.556919"/>
</kw>
<status status="PASS" start="2025-11-11T20:54:30.666762" elapsed="0.567988"/>
</kw>
<kw name="Set Username">
<kw name="Input Text" owner="SeleniumLibrary">
<msg time="2025-11-11T20:54:31.237689" level="INFO">Typing text 'Milla' into text field 'username'.</msg>
<arg>username</arg>
<arg>${username}</arg>
<doc>Types the given ``text`` into the text field identified by ``locator``.</doc>
<status status="PASS" start="2025-11-11T20:54:31.236366" elapsed="1.632026"/>
</kw>
<arg>Milla</arg>
<status status="PASS" start="2025-11-11T20:54:31.235495" elapsed="1.633131"/>
</kw>
<kw name="Set Password">
<kw name="Input Password" owner="SeleniumLibrary">
<msg time="2025-11-11T20:54:32.869993" level="INFO">Typing password into text field 'password'.</msg>
<msg time="2025-11-11T20:54:33.917705" level="INFO">Temporally setting log level to: NONE</msg>
<arg>password</arg>
<arg>${password}</arg>
<doc>Types the given password into the text field identified by ``locator``.</doc>
<status status="PASS" start="2025-11-11T20:54:32.869605" elapsed="1.607364"/>
</kw>
<arg>password123</arg>
<status status="PASS" start="2025-11-11T20:54:32.869033" elapsed="1.608352"/>
</kw>
<kw name="Set Password Confirmation">
<kw name="Input Password" owner="SeleniumLibrary">
<msg time="2025-11-11T20:54:34.479371" level="INFO">Typing password into text field 'password_confirmation'.</msg>
<msg time="2025-11-11T20:54:35.532408" level="INFO">Temporally setting log level to: NONE</msg>
<arg>password_confirmation</arg>
<arg>${password_confirmation}</arg>
<doc>Types the given password into the text field identified by ``locator``.</doc>
<status status="PASS" start="2025-11-11T20:54:34.478854" elapsed="1.619603"/>
</kw>
<arg>password123</arg>
<status status="PASS" start="2025-11-11T20:54:34.478034" elapsed="1.620859"/>
</kw>
<kw name="Submit Registration">
<kw name="Click Button" owner="SeleniumLibrary">
<msg time="2025-11-11T20:54:36.101615" level="INFO">Clicking button 'Register'.</msg>
<arg>Register</arg>
<doc>Clicks the button identified by ``locator``.</doc>
<status status="PASS" start="2025-11-11T20:54:36.100845" elapsed="2.138347"/>
</kw>
<status status="PASS" start="2025-11-11T20:54:36.099711" elapsed="2.139941"/>
</kw>
<kw name="Registration Should Succeed">
<kw name="Title Should Be" owner="SeleniumLibrary">
<msg time="2025-11-11T20:54:38.754745" level="INFO">Page title is 'Welcome to Ohtu Application!'.</msg>
<arg>Welcome to Ohtu Application!</arg>
<doc>Verifies that the current page title equals ``title``.</doc>
<status status="PASS" start="2025-11-11T20:54:38.241440" elapsed="0.513678"/>
</kw>
<status status="PASS" start="2025-11-11T20:54:38.240397" elapsed="0.515482"/>
</kw>
<status status="PASS" start="2025-11-11T20:54:30.666381" elapsed="8.090278"/>
</test>
<test id="s1-t2" name="Register With Too Short Username And Valid Password" line="16">
<kw name="Reset Application Create User And Go To Register Page" type="SETUP">
<kw name="Reset Application" owner="AppLibrary">
<status status="PASS" start="2025-11-11T20:54:38.759025" elapsed="0.004455"/>
</kw>
<kw name="Create User" owner="AppLibrary">
<arg>kalle</arg>
<arg>kalle123</arg>
<status status="PASS" start="2025-11-11T20:54:38.763811" elapsed="0.009271"/>
</kw>
<kw name="Go To Register Page">
<kw name="Go To" owner="SeleniumLibrary">
<msg time="2025-11-11T20:54:38.774591" level="INFO">Opening url 'http://localhost:5001/register'</msg>
<arg>${REGISTER_URL}</arg>
<doc>Navigates the current browser window to the provided ``url``.</doc>
<status status="PASS" start="2025-11-11T20:54:38.774148" elapsed="0.533622"/>
</kw>
<status status="PASS" start="2025-11-11T20:54:38.773532" elapsed="0.534818"/>
</kw>
<status status="PASS" start="2025-11-11T20:54:38.758489" elapsed="0.550085"/>
</kw>
<kw name="Set Username">
<kw name="Input Text" owner="SeleniumLibrary">
<msg time="2025-11-11T20:54:39.311030" level="INFO">Typing text 'Mi' into text field 'username'.</msg>
<arg>username</arg>
<arg>${username}</arg>
<doc>Types the given ``text`` into the text field identified by ``locator``.</doc>
<status status="PASS" start="2025-11-11T20:54:39.310438" elapsed="1.599567"/>
</kw>
<arg>Mi</arg>
<status status="PASS" start="2025-11-11T20:54:39.309510" elapsed="1.600907"/>
</kw>
<kw name="Set Password">
<kw name="Input Password" owner="SeleniumLibrary">
<msg time="2025-11-11T20:54:40.912870" level="INFO">Typing password into text field 'password'.</msg>
<msg time="2025-11-11T20:54:41.960133" level="INFO">Temporally setting log level to: NONE</msg>
<arg>password</arg>
<arg>${password}</arg>
<doc>Types the given password into the text field identified by ``locator``.</doc>
<status status="PASS" start="2025-11-11T20:54:40.912106" elapsed="1.606099"/>
</kw>
<arg>password123</arg>
<status status="PASS" start="2025-11-11T20:54:40.911074" elapsed="1.607601"/>
</kw>
<kw name="Set Password Confirmation">
<kw name="Input Password" owner="SeleniumLibrary">
<msg time="2025-11-11T20:54:42.521351" level="INFO">Typing password into text field 'password_confirmation'.</msg>
<msg time="2025-11-11T20:54:43.565822" level="INFO">Temporally setting log level to: NONE</msg>
<arg>password_confirmation</arg>
<arg>${password_confirmation}</arg>
<doc>Types the given password into the text field identified by ``locator``.</doc>
<status status="PASS" start="2025-11-11T20:54:42.520520" elapsed="1.609668"/>
</kw>
<arg>password123</arg>
<status status="PASS" start="2025-11-11T20:54:42.519408" elapsed="1.611652"/>
</kw>
<kw name="Submit Registration">
<kw name="Click Button" owner="SeleniumLibrary">
<msg time="2025-11-11T20:54:44.132891" level="INFO">Clicking button 'Register'.</msg>
<arg>Register</arg>
<doc>Clicks the button identified by ``locator``.</doc>
<status status="PASS" start="2025-11-11T20:54:44.132465" elapsed="2.106640"/>
</kw>
<status status="PASS" start="2025-11-11T20:54:44.131755" elapsed="2.108273"/>
</kw>
<kw name="Registration Should Fail">
<kw name="Registration Page Should Be Open">
<kw name="Title Should Be" owner="SeleniumLibrary">
<msg time="2025-11-11T20:54:46.753395" level="INFO">Page title is 'Register'.</msg>
<arg>Register</arg>
<doc>Verifies that the current page title equals ``title``.</doc>
<status status="PASS" start="2025-11-11T20:54:46.242905" elapsed="0.510851"/>
</kw>
<status status="PASS" start="2025-11-11T20:54:46.241815" elapsed="0.512271"/>
</kw>
<kw name="Page Should Contain" owner="SeleniumLibrary">
<msg time="2025-11-11T20:54:47.783269" level="INFO">Current page contains text 'Username must be at least 3 characters long'.</msg>
<arg>${error_message}</arg>
<doc>Verifies that current page contains ``text``.</doc>
<status status="PASS" start="2025-11-11T20:54:46.754580" elapsed="1.029064"/>
</kw>
<arg>Username must be at least 3 characters long</arg>
<status status="PASS" start="2025-11-11T20:54:46.240913" elapsed="1.543049"/>
</kw>
<status status="PASS" start="2025-11-11T20:54:38.757557" elapsed="9.026961"/>
</test>
<test id="s1-t3" name="Register With Valid Username And Too Short Password" line="23">
<kw name="Reset Application Create User And Go To Register Page" type="SETUP">
<kw name="Reset Application" owner="AppLibrary">
<status status="PASS" start="2025-11-11T20:54:47.786886" elapsed="0.004535"/>
</kw>
<kw name="Create User" owner="AppLibrary">
<arg>kalle</arg>
<arg>kalle123</arg>
<status status="PASS" start="2025-11-11T20:54:47.791729" elapsed="0.006301"/>
</kw>
<kw name="Go To Register Page">
<kw name="Go To" owner="SeleniumLibrary">
<msg time="2025-11-11T20:54:47.799052" level="INFO">Opening url 'http://localhost:5001/register'</msg>
<arg>${REGISTER_URL}</arg>
<doc>Navigates the current browser window to the provided ``url``.</doc>
<status status="PASS" start="2025-11-11T20:54:47.798814" elapsed="0.536606"/>
</kw>
<status status="PASS" start="2025-11-11T20:54:47.798387" elapsed="0.537525"/>
</kw>
<status status="PASS" start="2025-11-11T20:54:47.786264" elapsed="0.549939"/>
</kw>
<kw name="Set Username">
<kw name="Input Text" owner="SeleniumLibrary">
<msg time="2025-11-11T20:54:48.339429" level="INFO">Typing text 'Milla' into text field 'username'.</msg>
<arg>username</arg>
<arg>${username}</arg>
<doc>Types the given ``text`` into the text field identified by ``locator``.</doc>
<status status="PASS" start="2025-11-11T20:54:48.338458" elapsed="1.599871"/>
</kw>
<arg>Milla</arg>
<status status="PASS" start="2025-11-11T20:54:48.337104" elapsed="1.602074"/>
</kw>
<kw name="Set Password">
<kw name="Input Password" owner="SeleniumLibrary">
<msg time="2025-11-11T20:54:49.942258" level="INFO">Typing password into text field 'password'.</msg>
<msg time="2025-11-11T20:54:50.989036" level="INFO">Temporally setting log level to: NONE</msg>
<arg>password</arg>
<arg>${password}</arg>
<doc>Types the given password into the text field identified by ``locator``.</doc>
<status status="PASS" start="2025-11-11T20:54:49.941609" elapsed="1.601534"/>
</kw>
<arg>12</arg>
<status status="PASS" start="2025-11-11T20:54:49.940451" elapsed="1.603465"/>
</kw>
<kw name="Set Password Confirmation">
<kw name="Input Password" owner="SeleniumLibrary">
<msg time="2025-11-11T20:54:51.545932" level="INFO">Typing password into text field 'password_confirmation'.</msg>
<msg time="2025-11-11T20:54:52.589398" level="INFO">Temporally setting log level to: NONE</msg>
<arg>password_confirmation</arg>
<arg>${password_confirmation}</arg>
<doc>Types the given password into the text field identified by ``locator``.</doc>
<status status="PASS" start="2025-11-11T20:54:51.545405" elapsed="1.603078"/>
</kw>
<arg>12</arg>
<status status="PASS" start="2025-11-11T20:54:51.544622" elapsed="1.604189"/>
</kw>
<kw name="Submit Registration">
<kw name="Click Button" owner="SeleniumLibrary">
<msg time="2025-11-11T20:54:53.150756" level="INFO">Clicking button 'Register'.</msg>
<arg>Register</arg>
<doc>Clicks the button identified by ``locator``.</doc>
<status status="PASS" start="2025-11-11T20:54:53.150191" elapsed="2.112927"/>
</kw>
<status status="PASS" start="2025-11-11T20:54:53.149430" elapsed="2.114118"/>
</kw>
<kw name="Registration Should Fail">
<kw name="Registration Page Should Be Open">
<kw name="Title Should Be" owner="SeleniumLibrary">
<msg time="2025-11-11T20:54:55.777541" level="INFO">Page title is 'Register'.</msg>
<arg>Register</arg>
<doc>Verifies that the current page title equals ``title``.</doc>
<status status="PASS" start="2025-11-11T20:54:55.265951" elapsed="0.511962"/>
</kw>
<status status="PASS" start="2025-11-11T20:54:55.265256" elapsed="0.513041"/>
</kw>
<kw name="Page Should Contain" owner="SeleniumLibrary">
<msg time="2025-11-11T20:54:56.809273" level="INFO">Current page contains text 'Password must be at least 8 characters long and'.</msg>
<arg>${error_message}</arg>
<doc>Verifies that current page contains ``text``.</doc>
<status status="PASS" start="2025-11-11T20:54:55.779153" elapsed="1.030492"/>
</kw>
<arg>Password must be at least 8 characters long and</arg>
<status status="PASS" start="2025-11-11T20:54:55.264280" elapsed="1.545715"/>
</kw>
<status status="PASS" start="2025-11-11T20:54:47.785248" elapsed="9.025355"/>
</test>
<test id="s1-t4" name="Register With Valid Username And Invalid Password" line="30">
<kw name="Reset Application Create User And Go To Register Page" type="SETUP">
<kw name="Reset Application" owner="AppLibrary">
<status status="PASS" start="2025-11-11T20:54:56.813563" elapsed="0.005229"/>
</kw>
<kw name="Create User" owner="AppLibrary">
<arg>kalle</arg>
<arg>kalle123</arg>
<status status="PASS" start="2025-11-11T20:54:56.819102" elapsed="0.009186"/>
</kw>
<kw name="Go To Register Page">
<kw name="Go To" owner="SeleniumLibrary">
<msg time="2025-11-11T20:54:56.829189" level="INFO">Opening url 'http://localhost:5001/register'</msg>
<arg>${REGISTER_URL}</arg>
<doc>Navigates the current browser window to the provided ``url``.</doc>
<status status="PASS" start="2025-11-11T20:54:56.828977" elapsed="0.542324"/>
</kw>
<status status="PASS" start="2025-11-11T20:54:56.828592" elapsed="0.543351"/>
</kw>
<status status="PASS" start="2025-11-11T20:54:56.812845" elapsed="0.559339"/>
</kw>
<kw name="Set Username">
<kw name="Input Text" owner="SeleniumLibrary">
<msg time="2025-11-11T20:54:57.374897" level="INFO">Typing text 'Milla' into text field 'username'.</msg>
<arg>username</arg>
<arg>${username}</arg>
<doc>Types the given ``text`` into the text field identified by ``locator``.</doc>
<status status="PASS" start="2025-11-11T20:54:57.374060" elapsed="1.596322"/>
</kw>
<arg>Milla</arg>
<status status="PASS" start="2025-11-11T20:54:57.372966" elapsed="1.598311"/>
</kw>
<kw name="Set Password">
<kw name="Input Password" owner="SeleniumLibrary">
<msg time="2025-11-11T20:54:58.973402" level="INFO">Typing password into text field 'password'.</msg>
<msg time="2025-11-11T20:55:00.017002" level="INFO">Temporally setting log level to: NONE</msg>
<arg>password</arg>
<arg>${password}</arg>
<doc>Types the given password into the text field identified by ``locator``.</doc>
<status status="PASS" start="2025-11-11T20:54:58.972785" elapsed="1.596902"/>
</kw>
<arg>password</arg>
<status status="PASS" start="2025-11-11T20:54:58.971950" elapsed="1.598085"/>
</kw>
<kw name="Set Password Confirmation">
<kw name="Input Password" owner="SeleniumLibrary">
<msg time="2025-11-11T20:55:00.572041" level="INFO">Typing password into text field 'password_confirmation'.</msg>
<msg time="2025-11-11T20:55:01.616216" level="INFO">Temporally setting log level to: NONE</msg>
<arg>password_confirmation</arg>
<arg>${password_confirmation}</arg>
<doc>Types the given password into the text field identified by ``locator``.</doc>
<status status="PASS" start="2025-11-11T20:55:00.571446" elapsed="1.602131"/>
</kw>
<arg>password</arg>
<status status="PASS" start="2025-11-11T20:55:00.570662" elapsed="1.603312"/>
</kw>
<kw name="Submit Registration">
<kw name="Click Button" owner="SeleniumLibrary">
<msg time="2025-11-11T20:55:02.176511" level="INFO">Clicking button 'Register'.</msg>
<arg>Register</arg>
<doc>Clicks the button identified by ``locator``.</doc>
<status status="PASS" start="2025-11-11T20:55:02.175941" elapsed="2.089845"/>
</kw>
<status status="PASS" start="2025-11-11T20:55:02.174703" elapsed="2.091552"/>
</kw>
<kw name="Registration Should Fail">
<kw name="Registration Page Should Be Open">
<kw name="Title Should Be" owner="SeleniumLibrary">
<msg time="2025-11-11T20:55:04.778404" level="INFO">Page title is 'Register'.</msg>
<arg>Register</arg>
<doc>Verifies that the current page title equals ``title``.</doc>
<status status="PASS" start="2025-11-11T20:55:04.268470" elapsed="0.510354"/>
</kw>
<status status="PASS" start="2025-11-11T20:55:04.267839" elapsed="0.511362"/>
</kw>
<kw name="Page Should Contain" owner="SeleniumLibrary">
<msg time="2025-11-11T20:55:05.807771" level="INFO">Current page contains text 'Password cannot consist of letters only'.</msg>
<arg>${error_message}</arg>
<doc>Verifies that current page contains ``text``.</doc>
<status status="PASS" start="2025-11-11T20:55:04.779767" elapsed="1.028383"/>
</kw>
<arg>Password cannot consist of letters only</arg>
<status status="PASS" start="2025-11-11T20:55:04.266967" elapsed="1.541872"/>
</kw>
<status status="PASS" start="2025-11-11T20:54:56.811477" elapsed="8.998037"/>
</test>
<test id="s1-t5" name="Register With Nonmatching Password And Password Confirmation" line="38">
<kw name="Reset Application Create User And Go To Register Page" type="SETUP">
<kw name="Reset Application" owner="AppLibrary">
<status status="PASS" start="2025-11-11T20:55:05.811630" elapsed="0.005079"/>
</kw>
<kw name="Create User" owner="AppLibrary">
<arg>kalle</arg>
<arg>kalle123</arg>
<status status="PASS" start="2025-11-11T20:55:05.817031" elapsed="0.008416"/>
</kw>
<kw name="Go To Register Page">
<kw name="Go To" owner="SeleniumLibrary">
<msg time="2025-11-11T20:55:05.826398" level="INFO">Opening url 'http://localhost:5001/register'</msg>
<arg>${REGISTER_URL}</arg>
<doc>Navigates the current browser window to the provided ``url``.</doc>
<status status="PASS" start="2025-11-11T20:55:05.826165" elapsed="0.536703"/>
</kw>
<status status="PASS" start="2025-11-11T20:55:05.825765" elapsed="0.537603"/>
</kw>
<status status="PASS" start="2025-11-11T20:55:05.811043" elapsed="0.552546"/>
</kw>
<kw name="Set Username">
<kw name="Input Text" owner="SeleniumLibrary">
<msg time="2025-11-11T20:55:06.366125" level="INFO">Typing text 'Milla' into text field 'username'.</msg>
<arg>username</arg>
<arg>${username}</arg>
<doc>Types the given ``text`` into the text field identified by ``locator``.</doc>
<status status="PASS" start="2025-11-11T20:55:06.365461" elapsed="1.599134"/>
</kw>
<arg>Milla</arg>
<status status="PASS" start="2025-11-11T20:55:06.364339" elapsed="1.600648"/>
</kw>
<kw name="Set Password">
<kw name="Input Password" owner="SeleniumLibrary">
<msg time="2025-11-11T20:55:07.967704" level="INFO">Typing password into text field 'password'.</msg>
<msg time="2025-11-11T20:55:09.012081" level="INFO">Temporally setting log level to: NONE</msg>
<arg>password</arg>
<arg>${password}</arg>
<doc>Types the given password into the text field identified by ``locator``.</doc>
<status status="PASS" start="2025-11-11T20:55:07.966908" elapsed="1.610009"/>
</kw>
<arg>password123</arg>
<status status="PASS" start="2025-11-11T20:55:07.965738" elapsed="1.611670"/>
</kw>
<kw name="Set Password Confirmation">
<kw name="Input Password" owner="SeleniumLibrary">
<msg time="2025-11-11T20:55:09.579839" level="INFO">Typing password into text field 'password_confirmation'.</msg>
<msg time="2025-11-11T20:55:10.625431" level="INFO">Temporally setting log level to: NONE</msg>
<arg>password_confirmation</arg>
<arg>${password_confirmation}</arg>
<doc>Types the given password into the text field identified by ``locator``.</doc>
<status status="PASS" start="2025-11-11T20:55:09.579163" elapsed="1.602273"/>
</kw>
<arg>password111</arg>
<status status="PASS" start="2025-11-11T20:55:09.578135" elapsed="1.603706"/>
</kw>
<kw name="Submit Registration">
<kw name="Click Button" owner="SeleniumLibrary">
<msg time="2025-11-11T20:55:11.183866" level="INFO">Clicking button 'Register'.</msg>
<arg>Register</arg>
<doc>Clicks the button identified by ``locator``.</doc>
<status status="PASS" start="2025-11-11T20:55:11.183347" elapsed="2.109676"/>
</kw>
<status status="PASS" start="2025-11-11T20:55:11.182537" elapsed="2.110979"/>
</kw>
<kw name="Registration Should Fail">
<kw name="Registration Page Should Be Open">
<kw name="Title Should Be" owner="SeleniumLibrary">
<msg time="2025-11-11T20:55:13.810601" level="INFO">Page title is 'Register'.</msg>
<arg>Register</arg>
<doc>Verifies that the current page title equals ``title``.</doc>
<status status="PASS" start="2025-11-11T20:55:13.295965" elapsed="0.515010"/>
</kw>
<status status="PASS" start="2025-11-11T20:55:13.295299" elapsed="0.516052"/>
</kw>
<kw name="Page Should Contain" owner="SeleniumLibrary">
<msg time="2025-11-11T20:55:14.841071" level="INFO">Current page contains text 'Password and password confirmation do not match'.</msg>
<arg>${error_message}</arg>
<doc>Verifies that current page contains ``text``.</doc>
<status status="PASS" start="2025-11-11T20:55:13.811815" elapsed="1.029637"/>
</kw>
<arg>Password and password confirmation do not match</arg>
<status status="PASS" start="2025-11-11T20:55:13.294307" elapsed="1.547424"/>
</kw>
<status status="PASS" start="2025-11-11T20:55:05.810083" elapsed="9.032118"/>
</test>
<test id="s1-t6" name="Register With Username That Is Already In Use" line="45">
<kw name="Reset Application Create User And Go To Register Page" type="SETUP">
<kw name="Reset Application" owner="AppLibrary">
<status status="PASS" start="2025-11-11T20:55:14.844447" elapsed="0.004559"/>
</kw>
<kw name="Create User" owner="AppLibrary">
<arg>kalle</arg>
<arg>kalle123</arg>
<status status="PASS" start="2025-11-11T20:55:14.849148" elapsed="0.004905"/>
</kw>
<kw name="Go To Register Page">
<kw name="Go To" owner="SeleniumLibrary">
<msg time="2025-11-11T20:55:14.854774" level="INFO">Opening url 'http://localhost:5001/register'</msg>
<arg>${REGISTER_URL}</arg>
<doc>Navigates the current browser window to the provided ``url``.</doc>
<status status="PASS" start="2025-11-11T20:55:14.854613" elapsed="0.536906"/>
</kw>
<status status="PASS" start="2025-11-11T20:55:14.854306" elapsed="0.537712"/>
</kw>
<status status="PASS" start="2025-11-11T20:55:14.843847" elapsed="0.548491"/>
</kw>
<kw name="Set Username">
<kw name="Input Text" owner="SeleniumLibrary">
<msg time="2025-11-11T20:55:15.395328" level="INFO">Typing text 'kalle' into text field 'username'.</msg>
<arg>username</arg>
<arg>${username}</arg>
<doc>Types the given ``text`` into the text field identified by ``locator``.</doc>
<status status="PASS" start="2025-11-11T20:55:15.394517" elapsed="1.600181"/>
</kw>
<arg>kalle</arg>
<status status="PASS" start="2025-11-11T20:55:15.393212" elapsed="1.602006"/>
</kw>
<kw name="Set Password">
<kw name="Input Password" owner="SeleniumLibrary">
<msg time="2025-11-11T20:55:16.998260" level="INFO">Typing password into text field 'password'.</msg>
<msg time="2025-11-11T20:55:18.044672" level="INFO">Temporally setting log level to: NONE</msg>
<arg>password</arg>
<arg>${password}</arg>
<doc>Types the given password into the text field identified by ``locator``.</doc>
<status status="PASS" start="2025-11-11T20:55:16.997656" elapsed="1.605323"/>
</kw>
<arg>password123</arg>
<status status="PASS" start="2025-11-11T20:55:16.996635" elapsed="1.606728"/>
</kw>
<kw name="Set Password Confirmation">
<kw name="Input Password" owner="SeleniumLibrary">
<msg time="2025-11-11T20:55:18.605641" level="INFO">Typing password into text field 'password_confirmation'.</msg>
<msg time="2025-11-11T20:55:19.651588" level="INFO">Temporally setting log level to: NONE</msg>
<arg>password_confirmation</arg>
<arg>${password_confirmation}</arg>
<doc>Types the given password into the text field identified by ``locator``.</doc>
<status status="PASS" start="2025-11-11T20:55:18.604994" elapsed="1.606308"/>
</kw>
<arg>password123</arg>
<status status="PASS" start="2025-11-11T20:55:18.604043" elapsed="1.607706"/>
</kw>
<kw name="Submit Registration">
<kw name="Click Button" owner="SeleniumLibrary">
<msg time="2025-11-11T20:55:20.213811" level="INFO">Clicking button 'Register'.</msg>
<arg>Register</arg>
<doc>Clicks the button identified by ``locator``.</doc>
<status status="PASS" start="2025-11-11T20:55:20.213299" elapsed="2.109390"/>
</kw>
<status status="PASS" start="2025-11-11T20:55:20.212467" elapsed="2.110623"/>
</kw>
<kw name="Registration Should Fail">
<kw name="Registration Page Should Be Open">
<kw name="Title Should Be" owner="SeleniumLibrary">
<msg time="2025-11-11T20:55:22.836628" level="INFO">Page title is 'Register'.</msg>
<arg>Register</arg>
<doc>Verifies that the current page title equals ``title``.</doc>
<status status="PASS" start="2025-11-11T20:55:22.326020" elapsed="0.511063"/>
</kw>
<status status="PASS" start="2025-11-11T20:55:22.325408" elapsed="0.512109"/>
</kw>
<kw name="Page Should Contain" owner="SeleniumLibrary">
<msg time="2025-11-11T20:55:23.865991" level="INFO">Current page contains text 'Username is already taken'.</msg>
<arg>${error_message}</arg>
<doc>Verifies that current page contains ``text``.</doc>
<status status="PASS" start="2025-11-11T20:55:22.838019" elapsed="1.028660"/>
</kw>
<arg>Username is already taken</arg>
<status status="PASS" start="2025-11-11T20:55:22.324191" elapsed="1.542966"/>
</kw>
<status status="PASS" start="2025-11-11T20:55:14.842850" elapsed="9.024861"/>
</test>
<kw name="Close Browser" owner="SeleniumLibrary" type="TEARDOWN">
<doc>Closes the current browser.</doc>
<status status="PASS" start="2025-11-11T20:55:23.869175" elapsed="0.588353"/>
</kw>
<status status="PASS" start="2025-11-11T20:54:30.206837" elapsed="54.250790"/>
</suite>
<statistics>
<total>
<stat pass="6" fail="0" skip="0">All Tests</stat>
</total>
<tag>
</tag>
<suite>
<stat name="Register" id="s1" pass="6" fail="0" skip="0">Register</stat>
</suite>
</statistics>
<errors>
</errors>
</robot>
